# JRE version: Java(TM) SE Runtime Environment (8.0_20-b26) (build 1.8.0_20-b26)
# Java VM: Java HotSpot(TM) 64-Bit Server VM (25.20-b23 mixed mode bsd-amd64 compressed oops)
Heap:
 PSYoungGen      total 33792K, used 29904K [0x000000076ab00000, 0x000000076d580000, 0x00000007c0000000)
  eden space 30720K, 87% used [0x000000076ab00000,0x000000076c536bd0,0x000000076c900000)
  from space 3072K, 99% used [0x000000076c900000,0x000000076cbfd810,0x000000076cc00000)
  to   space 4096K, 0% used [0x000000076d180000,0x000000076d180000,0x000000076d580000)
 ParOldGen       total 78336K, used 14998K [0x00000006c0000000, 0x00000006c4c80000, 0x000000076ab00000)
  object space 78336K, 19% used [0x00000006c0000000,0x00000006c0ea5a20,0x00000006c4c80000)
 Metaspace       used 34985K, capacity 35374K, committed 35672K, reserved 1081344K
  class space    used 3128K, capacity 3240K, committed 3328K, reserved 1048576K
GC Heap History (10 events):
Event: 21.160 GC heap before
{Heap before GC invocations=137 (full 1):
 PSYoungGen      total 31744K, used 494K [0x000000076ab00000, 0x000000076cf80000, 0x00000007c0000000)
  eden space 31232K, 0% used [0x000000076ab00000,0x000000076ab00000,0x000000076c980000)
  from space 512K, 96% used [0x000000076cf00000,0x000000076cf7bb88,0x000000076cf80000)
  to   space 3072K, 0% used [0x000000076c980000,0x000000076c980000,0x000000076cc80000)
 ParOldGen       total 175104K, used 18682K [0x00000006c0000000, 0x00000006cab00000, 0x000000076ab00000)
  object space 175104K, 10% used [0x00000006c0000000,0x00000006c123e980,0x00000006cab00000)
 Metaspace       used 20821K, capacity 21184K, committed 21248K, reserved 1069056K
  class space    used 2405K, capacity 2545K, committed 2560K, reserved 1048576K
Event: 21.190 GC heap after
Heap after GC invocations=137 (full 1):
 PSYoungGen      total 31744K, used 0K [0x000000076ab00000, 0x000000076cf80000, 0x00000007c0000000)
  eden space 31232K, 0% used [0x000000076ab00000,0x000000076ab00000,0x000000076c980000)
  from space 512K, 0% used [0x000000076cf00000,0x000000076cf00000,0x000000076cf80000)
  to   space 3072K, 0% used [0x000000076c980000,0x000000076c980000,0x000000076cc80000)
 ParOldGen       total 80384K, used 13948K [0x00000006c0000000, 0x00000006c4e80000, 0x000000076ab00000)
  object space 80384K, 17% used [0x00000006c0000000,0x00000006c0d9f228,0x00000006c4e80000)
 Metaspace       used 20809K, capacity 21166K, committed 21248K, reserved 1069056K
  class space    used 2398K, capacity 2536K, committed 2560K, reserved 1048576K
}
Event: 23.872 GC heap before
{Heap before GC invocations=138 (full 1):
 PSYoungGen      total 31744K, used 31232K [0x000000076ab00000, 0x000000076cf80000, 0x00000007c0000000)
  eden space 31232K, 100% used [0x000000076ab00000,0x000000076c980000,0x000000076c980000)
  from space 512K, 0% used [0x000000076cf00000,0x000000076cf00000,0x000000076cf80000)
  to   space 3072K, 0% used [0x000000076c980000,0x000000076c980000,0x000000076cc80000)
 ParOldGen       total 80384K, used 13948K [0x00000006c0000000, 0x00000006c4e80000, 0x000000076ab00000)
  object space 80384K, 17% used [0x00000006c0000000,0x00000006c0d9f228,0x00000006c4e80000)
 Metaspace       used 31416K, capacity 31790K, committed 32128K, reserved 1079296K
  class space    used 2971K, capacity 3112K, committed 3200K, reserved 1048576K
Event: 23.873 GC heap after
Heap after GC invocations=138 (full 1):
 PSYoungGen      total 33792K, used 352K [0x000000076ab00000, 0x000000076cf80000, 0x00000007c0000000)
  eden space 30720K, 0% used [0x000000076ab00000,0x000000076ab00000,0x000000076c900000)
  from space 3072K, 11% used [0x000000076c980000,0x000000076c9d8000,0x000000076cc80000)
  to   space 3072K, 0% used [0x000000076cc80000,0x000000076cc80000,0x000000076cf80000)
 ParOldGen       total 80384K, used 13948K [0x00000006c0000000, 0x00000006c4e80000, 0x000000076ab00000)
  object space 80384K, 17% used [0x00000006c0000000,0x00000006c0d9f228,0x00000006c4e80000)
 Metaspace       used 31416K, capacity 31790K, committed 32128K, reserved 1079296K
  class space    used 2971K, capacity 3112K, committed 3200K, reserved 1048576K
}
Event: 24.866 GC heap before
{Heap before GC invocations=139 (full 1):
 PSYoungGen      total 33792K, used 7455K [0x000000076ab00000, 0x000000076cf80000, 0x00000007c0000000)
  eden space 30720K, 23% used [0x000000076ab00000,0x000000076b1efc70,0x000000076c900000)
  from space 3072K, 11% used [0x000000076c980000,0x000000076c9d8000,0x000000076cc80000)
  to   space 3072K, 0% used [0x000000076cc80000,0x000000076cc80000,0x000000076cf80000)
 ParOldGen       total 80384K, used 13948K [0x00000006c0000000, 0x00000006c4e80000, 0x000000076ab00000)
  object space 80384K, 17% used [0x00000006c0000000,0x00000006c0d9f228,0x00000006c4e80000)
 Metaspace       used 34911K, capacity 35246K, committed 35416K, reserved 1081344K
  class space    used 3128K, capacity 3240K, committed 3328K, reserved 1048576K
Event: 24.868 GC heap after
Heap after GC invocations=139 (full 1):
 PSYoungGen      total 33280K, used 192K [0x000000076ab00000, 0x000000076cf00000, 0x00000007c0000000)
  eden space 30720K, 0% used [0x000000076ab00000,0x000000076ab00000,0x000000076c900000)
  from space 2560K, 7% used [0x000000076cc80000,0x000000076ccb0000,0x000000076cf00000)
  to   space 3072K, 0% used [0x000000076c900000,0x000000076c900000,0x000000076cc00000)
 ParOldGen       total 80384K, used 14153K [0x00000006c0000000, 0x00000006c4e80000, 0x000000076ab00000)
  object space 80384K, 17% used [0x00000006c0000000,0x00000006c0dd2580,0x00000006c4e80000)
 Metaspace       used 34911K, capacity 35246K, committed 35416K, reserved 1081344K
  class space    used 3128K, capacity 3240K, committed 3328K, reserved 1048576K
}
Event: 24.868 GC heap before
{Heap before GC invocations=140 (full 2):
 PSYoungGen      total 33280K, used 192K [0x000000076ab00000, 0x000000076cf00000, 0x00000007c0000000)
  eden space 30720K, 0% used [0x000000076ab00000,0x000000076ab00000,0x000000076c900000)
  from space 2560K, 7% used [0x000000076cc80000,0x000000076ccb0000,0x000000076cf00000)
  to   space 3072K, 0% used [0x000000076c900000,0x000000076c900000,0x000000076cc00000)
 ParOldGen       total 80384K, used 14153K [0x00000006c0000000, 0x00000006c4e80000, 0x000000076ab00000)
  object space 80384K, 17% used [0x00000006c0000000,0x00000006c0dd2580,0x00000006c4e80000)
 Metaspace       used 34911K, capacity 35246K, committed 35416K, reserved 1081344K
  class space    used 3128K, capacity 3240K, committed 3328K, reserved 1048576K
Event: 24.897 GC heap after
Heap after GC invocations=140 (full 2):
 PSYoungGen      total 33280K, used 0K [0x000000076ab00000, 0x000000076cf00000, 0x00000007c0000000)
  eden space 30720K, 0% used [0x000000076ab00000,0x000000076ab00000,0x000000076c900000)
  from space 2560K, 0% used [0x000000076cc80000,0x000000076cc80000,0x000000076cf00000)
  to   space 3072K, 0% used [0x000000076c900000,0x000000076c900000,0x000000076cc00000)
 ParOldGen       total 78336K, used 14118K [0x00000006c0000000, 0x00000006c4c80000, 0x000000076ab00000)
  object space 78336K, 18% used [0x00000006c0000000,0x00000006c0dc9a20,0x00000006c4c80000)
 Metaspace       used 34911K, capacity 35246K, committed 35416K, reserved 1081344K
  class space    used 3128K, capacity 3240K, committed 3328K, reserved 1048576K
}
Event: 25.339 GC heap before
{Heap before GC invocations=141 (full 2):
 PSYoungGen      total 33280K, used 30720K [0x000000076ab00000, 0x000000076cf00000, 0x00000007c0000000)
  eden space 30720K, 100% used [0x000000076ab00000,0x000000076c900000,0x000000076c900000)
  from space 2560K, 0% used [0x000000076cc80000,0x000000076cc80000,0x000000076cf00000)
  to   space 3072K, 0% used [0x000000076c900000,0x000000076c900000,0x000000076cc00000)
 ParOldGen       total 78336K, used 14118K [0x00000006c0000000, 0x00000006c4c80000, 0x000000076ab00000)
  object space 78336K, 18% used [0x00000006c0000000,0x00000006c0dc9a20,0x00000006c4c80000)
 Metaspace       used 34956K, capacity 35310K, committed 35672K, reserved 1081344K
  class space    used 3128K, capacity 3240K, committed 3328K, reserved 1048576K
Event: 25.351 GC heap after
Heap after GC invocations=141 (full 2):
 PSYoungGen      total 33792K, used 3062K [0x000000076ab00000, 0x000000076d580000, 0x00000007c0000000)
  eden space 30720K, 0% used [0x000000076ab00000,0x000000076ab00000,0x000000076c900000)
  from space 3072K, 99% used [0x000000076c900000,0x000000076cbfd810,0x000000076cc00000)
  to   space 4096K, 0% used [0x000000076d180000,0x000000076d180000,0x000000076d580000)
 ParOldGen       total 78336K, used 14998K [0x00000006c0000000, 0x00000006c4c80000, 0x000000076ab00000)
  object space 78336K, 19% used [0x00000006c0000000,0x00000006c0ea5a20,0x00000006c4c80000)
 Metaspace       used 34956K, capacity 35310K, committed 35672K, reserved 1081344K
  class space    used 3128K, capacity 3240K, committed 3328K, reserved 1048576K
}

