# JRE version: Java(TM) SE Runtime Environment (8.0_20-b26) (build 1.8.0_20-b26)
# Java VM: Java HotSpot(TM) 64-Bit Server VM (25.20-b23 mixed mode bsd-amd64 compressed oops)
Heap:
 PSYoungGen      total 346624K, used 60094K [0x000000076ab00000, 0x0000000786400000, 0x00000007c0000000)
  eden space 310784K, 7% used [0x000000076ab00000,0x000000076c2b7af8,0x000000077da80000)
  from space 35840K, 99% used [0x000000077da80000,0x000000077fd78010,0x000000077fd80000)
  to   space 42496K, 0% used [0x0000000783a80000,0x0000000783a80000,0x0000000786400000)
 ParOldGen       total 95744K, used 46940K [0x00000006c0000000, 0x00000006c5d80000, 0x000000076ab00000)
  object space 95744K, 49% used [0x00000006c0000000,0x00000006c2dd73a0,0x00000006c5d80000)
 Metaspace       used 35067K, capacity 35420K, committed 35672K, reserved 1081344K
  class space    used 3084K, capacity 3190K, committed 3200K, reserved 1048576K
GC Heap History (10 events):
Event: 36.681 GC heap before
{Heap before GC invocations=117 (full 2):
 PSYoungGen      total 249856K, used 243424K [0x000000076ab00000, 0x000000077bb80000, 0x00000007c0000000)
  eden space 224768K, 100% used [0x000000076ab00000,0x0000000778680000,0x0000000778680000)
  from space 25088K, 74% used [0x000000077a080000,0x000000077b2b8000,0x000000077b900000)
  to   space 26624K, 0% used [0x0000000778680000,0x0000000778680000,0x000000077a080000)
 ParOldGen       total 95744K, used 42884K [0x00000006c0000000, 0x00000006c5d80000, 0x000000076ab00000)
  object space 95744K, 44% used [0x00000006c0000000,0x00000006c29e13a0,0x00000006c5d80000)
 Metaspace       used 35036K, capacity 35420K, committed 35672K, reserved 1081344K
  class space    used 3084K, capacity 3190K, committed 3200K, reserved 1048576K
Event: 36.776 GC heap after
Heap after GC invocations=117 (full 2):
 PSYoungGen      total 251392K, used 21888K [0x000000076ab00000, 0x000000077e780000, 0x00000007c0000000)
  eden space 224768K, 0% used [0x000000076ab00000,0x000000076ab00000,0x0000000778680000)
  from space 26624K, 82% used [0x0000000778680000,0x0000000779be0000,0x000000077a080000)
  to   space 29184K, 0% used [0x000000077cb00000,0x000000077cb00000,0x000000077e780000)
 ParOldGen       total 95744K, used 42924K [0x00000006c0000000, 0x00000006c5d80000, 0x000000076ab00000)
  object space 95744K, 44% used [0x00000006c0000000,0x00000006c29eb3a0,0x00000006c5d80000)
 Metaspace       used 35036K, capacity 35420K, committed 35672K, reserved 1081344K
  class space    used 3084K, capacity 3190K, committed 3200K, reserved 1048576K
}
Event: 38.249 GC heap before
{Heap before GC invocations=118 (full 2):
 PSYoungGen      total 251392K, used 246656K [0x000000076ab00000, 0x000000077e780000, 0x00000007c0000000)
  eden space 224768K, 100% used [0x000000076ab00000,0x0000000778680000,0x0000000778680000)
  from space 26624K, 82% used [0x0000000778680000,0x0000000779be0000,0x000000077a080000)
  to   space 29184K, 0% used [0x000000077cb00000,0x000000077cb00000,0x000000077e780000)
 ParOldGen       total 95744K, used 42924K [0x00000006c0000000, 0x00000006c5d80000, 0x000000076ab00000)
  object space 95744K, 44% used [0x00000006c0000000,0x00000006c29eb3a0,0x00000006c5d80000)
 Metaspace       used 35036K, capacity 35420K, committed 35672K, reserved 1081344K
  class space    used 3084K, capacity 3190K, committed 3200K, reserved 1048576K
Event: 38.345 GC heap after
Heap after GC invocations=118 (full 2):
 PSYoungGen      total 293376K, used 21728K [0x000000076ab00000, 0x000000077ea80000, 0x00000007c0000000)
  eden space 264192K, 0% used [0x000000076ab00000,0x000000076ab00000,0x000000077ad00000)
  from space 29184K, 74% used [0x000000077cb00000,0x000000077e038000,0x000000077e780000)
  to   space 30720K, 0% used [0x000000077ad00000,0x000000077ad00000,0x000000077cb00000)
 ParOldGen       total 95744K, used 42988K [0x00000006c0000000, 0x00000006c5d80000, 0x000000076ab00000)
  object space 95744K, 44% used [0x00000006c0000000,0x00000006c29fb3a0,0x00000006c5d80000)
 Metaspace       used 35036K, capacity 35420K, committed 35672K, reserved 1081344K
  class space    used 3084K, capacity 3190K, committed 3200K, reserved 1048576K
}
Event: 40.370 GC heap before
{Heap before GC invocations=119 (full 2):
 PSYoungGen      total 293376K, used 285920K [0x000000076ab00000, 0x000000077ea80000, 0x00000007c0000000)
  eden space 264192K, 100% used [0x000000076ab00000,0x000000077ad00000,0x000000077ad00000)
  from space 29184K, 74% used [0x000000077cb00000,0x000000077e038000,0x000000077e780000)
  to   space 30720K, 0% used [0x000000077ad00000,0x000000077ad00000,0x000000077cb00000)
 ParOldGen       total 95744K, used 42988K [0x00000006c0000000, 0x00000006c5d80000, 0x000000076ab00000)
  object space 95744K, 44% used [0x00000006c0000000,0x00000006c29fb3a0,0x00000006c5d80000)
 Metaspace       used 35042K, capacity 35420K, committed 35672K, reserved 1081344K
  class space    used 3084K, capacity 3190K, committed 3200K, reserved 1048576K
Event: 40.487 GC heap after
Heap after GC invocations=119 (full 2):
 PSYoungGen      total 294912K, used 25824K [0x000000076ab00000, 0x0000000781e80000, 0x00000007c0000000)
  eden space 264192K, 0% used [0x000000076ab00000,0x000000076ab00000,0x000000077ad00000)
  from space 30720K, 84% used [0x000000077ad00000,0x000000077c638000,0x000000077cb00000)
  to   space 33792K, 0% used [0x000000077fd80000,0x000000077fd80000,0x0000000781e80000)
 ParOldGen       total 95744K, used 43028K [0x00000006c0000000, 0x00000006c5d80000, 0x000000076ab00000)
  object space 95744K, 44% used [0x00000006c0000000,0x00000006c2a053a0,0x00000006c5d80000)
 Metaspace       used 35042K, capacity 35420K, committed 35672K, reserved 1081344K
  class space    used 3084K, capacity 3190K, committed 3200K, reserved 1048576K
}
Event: 42.579 GC heap before
{Heap before GC invocations=120 (full 2):
 PSYoungGen      total 294912K, used 290016K [0x000000076ab00000, 0x0000000781e80000, 0x00000007c0000000)
  eden space 264192K, 100% used [0x000000076ab00000,0x000000077ad00000,0x000000077ad00000)
  from space 30720K, 84% used [0x000000077ad00000,0x000000077c638000,0x000000077cb00000)
  to   space 33792K, 0% used [0x000000077fd80000,0x000000077fd80000,0x0000000781e80000)
 ParOldGen       total 95744K, used 43028K [0x00000006c0000000, 0x00000006c5d80000, 0x000000076ab00000)
  object space 95744K, 44% used [0x00000006c0000000,0x00000006c2a053a0,0x00000006c5d80000)
 Metaspace       used 35042K, capacity 35420K, committed 35672K, reserved 1081344K
  class space    used 3084K, capacity 3190K, committed 3200K, reserved 1048576K
Event: 42.700 GC heap after
Heap after GC invocations=120 (full 2):
 PSYoungGen      total 344576K, used 25536K [0x000000076ab00000, 0x0000000782280000, 0x00000007c0000000)
  eden space 310784K, 0% used [0x000000076ab00000,0x000000076ab00000,0x000000077da80000)
  from space 33792K, 75% used [0x000000077fd80000,0x0000000781670000,0x0000000781e80000)
  to   space 35840K, 0% used [0x000000077da80000,0x000000077da80000,0x000000077fd80000)
 ParOldGen       total 95744K, used 43084K [0x00000006c0000000, 0x00000006c5d80000, 0x000000076ab00000)
  object space 95744K, 45% used [0x00000006c0000000,0x00000006c2a133a0,0x00000006c5d80000)
 Metaspace       used 35042K, capacity 35420K, committed 35672K, reserved 1081344K
  class space    used 3084K, capacity 3190K, committed 3200K, reserved 1048576K
}
Event: 45.719 GC heap before
{Heap before GC invocations=121 (full 2):
 PSYoungGen      total 344576K, used 336320K [0x000000076ab00000, 0x0000000782280000, 0x00000007c0000000)
  eden space 310784K, 100% used [0x000000076ab00000,0x000000077da80000,0x000000077da80000)
  from space 33792K, 75% used [0x000000077fd80000,0x0000000781670000,0x0000000781e80000)
  to   space 35840K, 0% used [0x000000077da80000,0x000000077da80000,0x000000077fd80000)
 ParOldGen       total 95744K, used 43084K [0x00000006c0000000, 0x00000006c5d80000, 0x000000076ab00000)
  object space 95744K, 45% used [0x00000006c0000000,0x00000006c2a133a0,0x00000006c5d80000)
 Metaspace       used 35042K, capacity 35420K, committed 35672K, reserved 1081344K
  class space    used 3084K, capacity 3190K, committed 3200K, reserved 1048576K
Event: 45.813 GC heap after
Heap after GC invocations=121 (full 2):
 PSYoungGen      total 346624K, used 35808K [0x000000076ab00000, 0x0000000786400000, 0x00000007c0000000)
  eden space 310784K, 0% used [0x000000076ab00000,0x000000076ab00000,0x000000077da80000)
  from space 35840K, 99% used [0x000000077da80000,0x000000077fd78010,0x000000077fd80000)
  to   space 42496K, 0% used [0x0000000783a80000,0x0000000783a80000,0x0000000786400000)
 ParOldGen       total 95744K, used 46940K [0x00000006c0000000, 0x00000006c5d80000, 0x000000076ab00000)
  object space 95744K, 49% used [0x00000006c0000000,0x00000006c2dd73a0,0x00000006c5d80000)
 Metaspace       used 35042K, capacity 35420K, committed 35672K, reserved 1081344K
  class space    used 3084K, capacity 3190K, committed 3200K, reserved 1048576K
}

